{"level":"info","message":"Server running on port 5000","service":"bugscope-backend","timestamp":"2026-03-22 13:30:34"}
{"level":"info","message":"Server running on port 5000","service":"bugscope-backend","timestamp":"2026-03-22 13:30:36"}
{"level":"info","message":"Server running on port 5000","service":"bugscope-backend","timestamp":"2026-03-22 13:31:02"}
{"level":"info","message":"Server running on port 5000","service":"bugscope-backend","timestamp":"2026-03-22 13:31:25"}
{"level":"info","message":"Server running on port 5000","service":"bugscope-backend","timestamp":"2026-03-22 13:31:56"}
{"environment":"production","errorId":"69bfa2699bc2d0ae908e0b3a","level":"info","message":"Error logged (new)","projectId":"project1","service":"bugscope-backend","severity":"high","timestamp":"2026-03-22 13:33:53"}
{"level":"info","message":"Server running on port 5000","service":"bugscope-backend","timestamp":"2026-03-23 07:31:08"}
{"count":2,"environment":"production","errorId":"69bfa2699bc2d0ae908e0b3a","level":"info","message":"Error logged (incremented)","projectId":"project1","service":"bugscope-backend","severity":"high","timestamp":"2026-03-23 10:58:08"}
{"level":"info","message":"Server running on port 5000","service":"bugscope-backend","timestamp":"2026-03-23 18:05:09"}
{"level":"info","message":"Server running on port 5000","service":"bugscope-backend","timestamp":"2026-03-27 12:01:47"}
{"level":"info","message":"Server running on port 5000","service":"bugscope-backend","timestamp":"2026-03-27 12:20:48"}
{"level":"info","message":"Server running on port 5000","service":"bugscope-backend","timestamp":"2026-03-27 12:22:33"}
{"level":"info","message":"Server running on port 5000","service":"bugscope-backend","timestamp":"2026-03-27 12:22:38"}
{"level":"info","message":"Server running on port 5000","service":"bugscope-backend","timestamp":"2026-03-27 12:24:27"}
{"level":"info","message":"Server running on port 5000","service":"bugscope-backend","timestamp":"2026-03-27 12:44:59"}
{"level":"info","message":"Server running on port 5000","service":"bugscope-backend","timestamp":"2026-03-29 23:31:09"}
{"environment":"production","errorId":"69c96979dc0068e670d8a585","groupingKey":"Cannot read property [PROPERTY]","level":"info","message":"Error logged (new)","projectId":"project1","service":"bugscope-backend","severity":"high","timestamp":"2026-03-29 23:33:37"}
{"count":2,"environment":"production","errorId":"69c96979dc0068e670d8a585","groupingKey":"Cannot read property [PROPERTY]","level":"info","message":"Error logged (incremented)","projectId":"project1","service":"bugscope-backend","severity":"high","timestamp":"2026-03-29 23:33:40"}
{"environment":"production","errorId":"69c9698ddc0068e670d8a58a","groupingKey":"Cannot read property [PROPERTY]","level":"info","message":"Error logged (new)","projectId":"project1","service":"bugscope-backend","severity":"medium","timestamp":"2026-03-29 23:33:57"}
{"count":2,"environment":"production","errorId":"69c9698ddc0068e670d8a58a","groupingKey":"Cannot read property [PROPERTY]","level":"info","message":"Error logged (incremented)","projectId":"project1","service":"bugscope-backend","severity":"medium","timestamp":"2026-03-29 23:35:34"}
{"count":3,"environment":"production","errorId":"69c9698ddc0068e670d8a58a","groupingKey":"Cannot read property [PROPERTY]","level":"info","message":"Error logged (incremented)","projectId":"project1","service":"bugscope-backend","severity":"medium","timestamp":"2026-03-29 23:35:35"}
{"count":4,"environment":"production","errorId":"69c9698ddc0068e670d8a58a","groupingKey":"Cannot read property [PROPERTY]","level":"info","message":"Error logged (incremented)","projectId":"project1","service":"bugscope-backend","severity":"medium","timestamp":"2026-03-29 23:35:36"}
{"level":"info","message":"Server running on port 5000","service":"bugscope-backend","timestamp":"2026-03-29 23:48:29"}
{"level":"info","message":"Server running on port 5000","service":"bugscope-backend","timestamp":"2026-03-29 23:50:35"}
{"level":"info","message":"Server running on port 5000","service":"bugscope-backend","timestamp":"2026-03-29 23:51:13"}
{"level":"info","message":"Server running on port 5000","service":"bugscope-backend","timestamp":"2026-03-29 23:56:00"}
{"count":5,"environment":"production","errorId":"69c9698ddc0068e670d8a58a","groupingKey":"Cannot read property [PROPERTY]","level":"info","message":"Error logged (incremented)","projectId":"project1","service":"bugscope-backend","severity":"medium","timestamp":"2026-03-29 23:56:46"}
{"environment":"production","errorId":"69c96f0fb27871ecec70485b","groupingKey":"Cannot read property [PROPERTY]","level":"info","message":"Error logged (new)","projectId":"test-app","service":"bugscope-backend","severity":"medium","timestamp":"2026-03-29 23:57:27"}
{"errorId":"69c96f0fb27871ecec70485b","level":"error","message":"aiExplainer is not defined","service":"bugscope-backend","timestamp":"2026-03-29 23:59:59"}
{"level":"info","message":"Server running on port 5000","service":"bugscope-backend","timestamp":"2026-03-30 00:00:37"}
{"errorId":"69c96f0fb27871ecec70485b","level":"error","message":"aiExplainer is not defined","service":"bugscope-backend","timestamp":"2026-03-30 00:00:46"}
{"level":"info","message":"Server running on port 5000","service":"bugscope-backend","timestamp":"2026-03-30 00:01:29"}
{"level":"info","message":"Server running on port 5000","service":"bugscope-backend","timestamp":"2026-03-30 00:03:24"}
{"level":"info","message":"Server running on port 5000","service":"bugscope-backend","timestamp":"2026-03-30 00:05:06"}
{"level":"info","message":"Server running on port 5000","service":"bugscope-backend","timestamp":"2026-03-30 00:05:56"}
{"count":2,"environment":"production","errorId":"69c96f0fb27871ecec70485b","groupingKey":"Cannot read property [PROPERTY]","level":"info","message":"Error logged (incremented)","projectId":"test-app","service":"bugscope-backend","severity":"medium","timestamp":"2026-03-30 00:06:39"}
{"errorId":"69c96f0fb27871ecec70485b","fixCount":2,"hasExplanation":true,"level":"info","message":"AI explanation generated","service":"bugscope-backend","timestamp":"2026-03-30 00:07:08"}
{"level":"info","message":"Server running on port 5000","service":"bugscope-backend","timestamp":"2026-03-30 00:16:05"}
{"level":"info","message":"Server running on port 5000","service":"bugscope-backend","timestamp":"2026-03-30 00:22:41"}
{"level":"info","message":"Server running on port 5000","service":"bugscope-backend","timestamp":"2026-03-30 00:22:55"}
{"level":"info","message":"Server running on port 5000","service":"bugscope-backend","timestamp":"2026-03-30 00:22:57"}
{"level":"info","message":"Server running on port 5000","service":"bugscope-backend","timestamp":"2026-03-30 00:29:17"}
{"level":"info","message":"Server running on port 5000","service":"bugscope-backend","timestamp":"2026-03-30 00:29:28"}
{"level":"info","message":"Server running on port 5000","service":"bugscope-backend","timestamp":"2026-03-30 00:30:20"}
{"level":"info","message":"Server running on port 5000","service":"bugscope-backend","timestamp":"2026-03-30 00:30:40"}
{"level":"info","message":"Server running on port 5000","service":"bugscope-backend","timestamp":"2026-03-30 00:31:05"}
{"level":"info","message":"Server running on port 5000","service":"bugscope-backend","timestamp":"2026-03-30 00:31:19"}
{"level":"info","message":"Server running on port 5000","service":"bugscope-backend","timestamp":"2026-03-30 00:31:38"}
{"level":"info","message":"Server running on port 5000","service":"bugscope-backend","timestamp":"2026-03-30 00:32:20"}
{"level":"info","message":"Server running on port 5000","service":"bugscope-backend","timestamp":"2026-03-30 00:32:36"}
{"level":"info","message":"Server running on port 5000","service":"bugscope-backend","timestamp":"2026-03-30 00:33:13"}
{"level":"info","message":"Server running on port 5000","service":"bugscope-backend","timestamp":"2026-03-30 00:33:22"}
{"level":"info","message":"Server running on port 5000","service":"bugscope-backend","timestamp":"2026-03-30 00:34:31"}
{"level":"info","message":"Server running on port 5000","service":"bugscope-backend","timestamp":"2026-03-30 00:35:06"}
{"level":"info","message":"Server running on port 5000","service":"bugscope-backend","timestamp":"2026-03-30 00:35:15"}
{"level":"info","message":"Server running on port 5000","service":"bugscope-backend","timestamp":"2026-03-30 00:35:43"}
{"level":"info","message":"Server running on port 5000","service":"bugscope-backend","timestamp":"2026-03-30 00:36:35"}
{"error":"next is not a function","level":"error","message":"Registration failed","service":"bugscope-backend","timestamp":"2026-03-30 00:37:53"}
{"error":"next is not a function","level":"error","message":"Registration failed","service":"bugscope-backend","timestamp":"2026-03-30 00:40:52"}
{"level":"info","message":"Server running on port 5000","service":"bugscope-backend","timestamp":"2026-03-30 08:20:25"}
{"error":"next is not a function","level":"error","message":"Registration failed","service":"bugscope-backend","stack":"TypeError: next is not a function\n    at model.<anonymous> (C:\\Users\\Bharat\\OneDrive\\Desktop\\web-dev\\bugscope-backend\\models\\User.js:47:5)\n    at async Kareem.execPre (C:\\Users\\Bharat\\OneDrive\\Desktop\\web-dev\\bugscope-backend\\node_modules\\kareem\\index.js:70:24)\n    at async model.$__save (C:\\Users\\Bharat\\OneDrive\\Desktop\\web-dev\\bugscope-backend\\node_modules\\mongoose\\lib\\model.js:394:5)\n    at async model.save (C:\\Users\\Bharat\\OneDrive\\Desktop\\web-dev\\bugscope-backend\\node_modules\\mongoose\\lib\\model.js:664:5)\n    at async C:\\Users\\Bharat\\OneDrive\\Desktop\\web-dev\\bugscope-backend\\routes\\authRoutes.js:45:5","timestamp":"2026-03-30 08:20:45"}
{"level":"info","message":"Server running on port 5000","service":"bugscope-backend","timestamp":"2026-03-30 08:23:07"}
{"error":"next is not a function","level":"error","message":"Registration failed","service":"bugscope-backend","stack":"TypeError: next is not a function\n    at model.<anonymous> (C:\\Users\\Bharat\\OneDrive\\Desktop\\web-dev\\bugscope-backend\\models\\User.js:50:5)\n    at async Kareem.execPre (C:\\Users\\Bharat\\OneDrive\\Desktop\\web-dev\\bugscope-backend\\node_modules\\kareem\\index.js:70:24)\n    at async model.$__save (C:\\Users\\Bharat\\OneDrive\\Desktop\\web-dev\\bugscope-backend\\node_modules\\mongoose\\lib\\model.js:394:5)\n    at async model.save (C:\\Users\\Bharat\\OneDrive\\Desktop\\web-dev\\bugscope-backend\\node_modules\\mongoose\\lib\\model.js:664:5)\n    at async C:\\Users\\Bharat\\OneDrive\\Desktop\\web-dev\\bugscope-backend\\routes\\authRoutes.js:45:5","timestamp":"2026-03-30 08:23:25"}
{"level":"info","message":"Server running on port 5000","service":"bugscope-backend","timestamp":"2026-03-30 10:24:32"}
{"error":"Operation `users.findOne()` buffering timed out after 10000ms","level":"error","message":"Registration failed","service":"bugscope-backend","stack":"MongooseError: Operation `users.findOne()` buffering timed out after 10000ms\n    at Timeout._onTimeout (C:\\Users\\Bharat\\OneDrive\\Desktop\\web-dev\\bugscope-backend\\node_modules\\mongoose\\lib\\drivers\\node-mongodb-native\\collection.js:131:25)\n    at listOnTimeout (node:internal/timers:594:17)\n    at process.processTimers (node:internal/timers:529:7)","timestamp":"2026-03-30 10:24:57"}
{"level":"info","message":"Server running on port 5000","service":"bugscope-backend","timestamp":"2026-03-30 11:21:52"}
{"email":"admin1@bugscope.com","level":"info","message":"User registered","service":"bugscope-backend","timestamp":"2026-03-30 11:22:35","userId":"69ca0fa3224f66d33106f114"}
{"email":"admin1@bugscope.com","level":"info","message":"User logged in","service":"bugscope-backend","timestamp":"2026-03-30 11:26:29","userId":"69ca0fa3224f66d33106f114"}
{"error":"invalid signature","level":"error","message":"Auth verification failed","service":"bugscope-backend","timestamp":"2026-03-30 11:33:27"}
{"email":"admin1@bugscope.com","level":"info","message":"User logged in","service":"bugscope-backend","timestamp":"2026-03-30 11:35:37","userId":"69ca0fa3224f66d33106f114"}
{"email":"contributor@bugscope.com","invitationId":"69ca1338224f66d33106f11a","invitedBy":"69ca0fa3224f66d33106f114","level":"info","message":"Invitation sent","projectId":"project1","service":"bugscope-backend","timestamp":"2026-03-30 11:37:57"}
{"email":"contributor@bugscope.com","invitationId":"69ca1338224f66d33106f11a","level":"info","message":"Invitation accepted","service":"bugscope-backend","timestamp":"2026-03-30 11:47:47","userId":"69ca158b224f66d33106f11f"}
{"environment":"production","errorId":"69ca15db224f66d33106f123","groupingKey":"Test priority error","level":"info","message":"Error logged (new)","projectId":"project1","service":"bugscope-backend","severity":"medium","timestamp":"2026-03-30 11:49:07"}
{"errorId":"69ca15db224f66d33106f123","level":"info","message":"Error priority updated","priority":"critical","service":"bugscope-backend","timestamp":"2026-03-30 11:57:30","updatedBy":"69ca0fa3224f66d33106f114"}
{"errorId":"69ca15db224f66d33106f123","level":"info","message":"Error status updated","service":"bugscope-backend","status":"investigating","timestamp":"2026-03-30 12:03:34","updatedBy":"69ca0fa3224f66d33106f114"}
{"level":"info","message":"Server running on port 5000","service":"bugscope-backend","timestamp":"2026-03-30 21:29:38"}
{"level":"info","message":"Server running on port 5000","service":"bugscope-backend","timestamp":"2026-03-30 21:29:55"}
{"level":"info","message":"Server running on port 5000","service":"bugscope-backend","timestamp":"2026-03-30 21:30:02"}
{"level":"info","message":"Server running on port 5000","service":"bugscope-backend","timestamp":"2026-03-30 21:31:00"}
{"level":"info","message":"Server running on port 5000","service":"bugscope-backend","timestamp":"2026-03-30 21:31:09"}
{"level":"info","message":"Server running on port 5000","service":"bugscope-backend","timestamp":"2026-03-30 21:31:29"}
{"level":"info","message":"Server running on port 5000","service":"bugscope-backend","timestamp":"2026-03-30 21:31:38"}
{"level":"info","message":"Server running on port 5000","service":"bugscope-backend","timestamp":"2026-03-30 21:32:04"}
{"level":"info","message":"Server running on port 5000","service":"bugscope-backend","timestamp":"2026-03-30 21:32:12"}
{"level":"info","message":"Server running on port 5000","service":"bugscope-backend","timestamp":"2026-03-30 21:32:46"}
{"level":"info","message":"Server running on port 5000","service":"bugscope-backend","timestamp":"2026-03-30 21:32:53"}
{"level":"info","message":"Server running on port 5000","service":"bugscope-backend","timestamp":"2026-03-31 20:36:25"}
{"level":"info","message":"Server running on port 5000","service":"bugscope-backend","timestamp":"2026-03-31 20:38:31"}
{"level":"info","message":"Server running on port 5000","service":"bugscope-backend","timestamp":"2026-03-31 20:38:32"}
{"level":"info","message":"Server running on port 5000","service":"bugscope-backend","timestamp":"2026-03-31 20:38:47"}
{"level":"info","message":"Server running on port 5000","service":"bugscope-backend","timestamp":"2026-03-31 20:56:38"}
{"level":"info","message":"Server running on port 5000","service":"bugscope-backend","timestamp":"2026-04-01 00:39:11"}
{"email":"admin1@bugscope.com","level":"info","message":"User logged in","service":"bugscope-backend","timestamp":"2026-04-01 00:40:21","userId":"69ca0fa3224f66d33106f114"}
{"error":"invalid signature","level":"error","message":"Auth verification failed","service":"bugscope-backend","timestamp":"2026-04-01 00:42:14"}
{"email":"admin1@bugscope.com","level":"info","message":"User logged in","service":"bugscope-backend","timestamp":"2026-04-01 00:43:51","userId":"69ca0fa3224f66d33106f114"}
{"admin":"69ca0fa3224f66d33106f114","count":2,"level":"info","message":"Users listed","projectId":"project1","service":"bugscope-backend","timestamp":"2026-04-01 00:47:18"}
{"email":"contributor@bugscope.com","level":"info","message":"User logged in","service":"bugscope-backend","timestamp":"2026-04-01 00:49:32","userId":"69ca158b224f66d33106f11f"}
{"email":"admin1@bugscope.com","level":"info","message":"User logged in","service":"bugscope-backend","timestamp":"2026-04-01 00:52:11","userId":"69ca0fa3224f66d33106f114"}
{"changedBy":"69ca0fa3224f66d33106f114","level":"info","message":"User role changed","newRole":"admin","oldRole":"contributor","service":"bugscope-backend","timestamp":"2026-04-01 00:56:42","userId":"69ca158b224f66d33106f11f"}
{"environment":"production","errorId":"69cc2031128f7b3dc6d204e5","groupingKey":"Database connection failed","level":"info","message":"Error logged (new)","projectId":"project1","service":"bugscope-backend","severity":"high","timestamp":"2026-04-01 00:57:46"}
{"errorId":"69cc2031128f7b3dc6d204e5","level":"info","message":"Error priority updated","newPriority":"critical","oldPriority":"medium","service":"bugscope-backend","timestamp":"2026-04-01 00:58:49","updatedBy":"69ca0fa3224f66d33106f114"}
{"error":"Unexpected token '\"', \"\"POST http\"... is not valid JSON","level":"error","message":"Unhandled error","service":"bugscope-backend","stack":"SyntaxError: Unexpected token '\"', \"\"POST http\"... is not valid JSON\n    at JSON.parse (<anonymous>)\n    at createStrictSyntaxError (C:\\Users\\Bharat\\OneDrive\\Desktop\\web-dev\\bugscope-backend\\node_modules\\body-parser\\lib\\types\\json.js:109:10)\n    at parse (C:\\Users\\Bharat\\OneDrive\\Desktop\\web-dev\\bugscope-backend\\node_modules\\body-parser\\lib\\types\\json.js:66:15)\n    at C:\\Users\\Bharat\\OneDrive\\Desktop\\web-dev\\bugscope-backend\\node_modules\\body-parser\\lib\\read.js:162:18\n    at AsyncResource.runInAsyncScope (node:async_hooks:211:14)\n    at invokeCallback (C:\\Users\\Bharat\\OneDrive\\Desktop\\web-dev\\bugscope-backend\\node_modules\\raw-body\\index.js:238:16)\n    at done (C:\\Users\\Bharat\\OneDrive\\Desktop\\web-dev\\bugscope-backend\\node_modules\\raw-body\\index.js:227:7)\n    at IncomingMessage.onEnd (C:\\Users\\Bharat\\OneDrive\\Desktop\\web-dev\\bugscope-backend\\node_modules\\raw-body\\index.js:287:7)\n    at IncomingMessage.emit (node:events:518:28)\n    at endReadableNT (node:internal/streams/readable:1698:12)","timestamp":"2026-04-01 01:01:05"}
{"error":"Unexpected token '\"', \"\"POST http\"... is not valid JSON","level":"error","message":"Unhandled error","service":"bugscope-backend","stack":"SyntaxError: Unexpected token '\"', \"\"POST http\"... is not valid JSON\n    at JSON.parse (<anonymous>)\n    at createStrictSyntaxError (C:\\Users\\Bharat\\OneDrive\\Desktop\\web-dev\\bugscope-backend\\node_modules\\body-parser\\lib\\types\\json.js:109:10)\n    at parse (C:\\Users\\Bharat\\OneDrive\\Desktop\\web-dev\\bugscope-backend\\node_modules\\body-parser\\lib\\types\\json.js:66:15)\n    at C:\\Users\\Bharat\\OneDrive\\Desktop\\web-dev\\bugscope-backend\\node_modules\\body-parser\\lib\\read.js:162:18\n    at AsyncResource.runInAsyncScope (node:async_hooks:211:14)\n    at invokeCallback (C:\\Users\\Bharat\\OneDrive\\Desktop\\web-dev\\bugscope-backend\\node_modules\\raw-body\\index.js:238:16)\n    at done (C:\\Users\\Bharat\\OneDrive\\Desktop\\web-dev\\bugscope-backend\\node_modules\\raw-body\\index.js:227:7)\n    at IncomingMessage.onEnd (C:\\Users\\Bharat\\OneDrive\\Desktop\\web-dev\\bugscope-backend\\node_modules\\raw-body\\index.js:287:7)\n    at IncomingMessage.emit (node:events:518:28)\n    at endReadableNT (node:internal/streams/readable:1698:12)","timestamp":"2026-04-01 01:01:32"}
{"level":"info","message":"Server running on port 5000","service":"bugscope-backend","timestamp":"2026-04-01 01:05:35"}
{"error":"Unexpected token '\"', \"\"POST http\"... is not valid JSON","level":"error","message":"Unhandled error","service":"bugscope-backend","stack":"SyntaxError: Unexpected token '\"', \"\"POST http\"... is not valid JSON\n    at JSON.parse (<anonymous>)\n    at createStrictSyntaxError (C:\\Users\\Bharat\\OneDrive\\Desktop\\web-dev\\bugscope-backend\\node_modules\\body-parser\\lib\\types\\json.js:109:10)\n    at parse (C:\\Users\\Bharat\\OneDrive\\Desktop\\web-dev\\bugscope-backend\\node_modules\\body-parser\\lib\\types\\json.js:66:15)\n    at C:\\Users\\Bharat\\OneDrive\\Desktop\\web-dev\\bugscope-backend\\node_modules\\body-parser\\lib\\read.js:162:18\n    at AsyncResource.runInAsyncScope (node:async_hooks:211:14)\n    at invokeCallback (C:\\Users\\Bharat\\OneDrive\\Desktop\\web-dev\\bugscope-backend\\node_modules\\raw-body\\index.js:238:16)\n    at done (C:\\Users\\Bharat\\OneDrive\\Desktop\\web-dev\\bugscope-backend\\node_modules\\raw-body\\index.js:227:7)\n    at IncomingMessage.onEnd (C:\\Users\\Bharat\\OneDrive\\Desktop\\web-dev\\bugscope-backend\\node_modules\\raw-body\\index.js:287:7)\n    at IncomingMessage.emit (node:events:518:28)\n    at endReadableNT (node:internal/streams/readable:1698:12)","timestamp":"2026-04-01 01:06:06"}
{"error":"Unexpected token '\"', \"\"POST http\"... is not valid JSON","level":"error","message":"Unhandled error","service":"bugscope-backend","stack":"SyntaxError: Unexpected token '\"', \"\"POST http\"... is not valid JSON\n    at JSON.parse (<anonymous>)\n    at createStrictSyntaxError (C:\\Users\\Bharat\\OneDrive\\Desktop\\web-dev\\bugscope-backend\\node_modules\\body-parser\\lib\\types\\json.js:109:10)\n    at parse (C:\\Users\\Bharat\\OneDrive\\Desktop\\web-dev\\bugscope-backend\\node_modules\\body-parser\\lib\\types\\json.js:66:15)\n    at C:\\Users\\Bharat\\OneDrive\\Desktop\\web-dev\\bugscope-backend\\node_modules\\body-parser\\lib\\read.js:162:18\n    at AsyncResource.runInAsyncScope (node:async_hooks:211:14)\n    at invokeCallback (C:\\Users\\Bharat\\OneDrive\\Desktop\\web-dev\\bugscope-backend\\node_modules\\raw-body\\index.js:238:16)\n    at done (C:\\Users\\Bharat\\OneDrive\\Desktop\\web-dev\\bugscope-backend\\node_modules\\raw-body\\index.js:227:7)\n    at IncomingMessage.onEnd (C:\\Users\\Bharat\\OneDrive\\Desktop\\web-dev\\bugscope-backend\\node_modules\\raw-body\\index.js:287:7)\n    at IncomingMessage.emit (node:events:518:28)\n    at endReadableNT (node:internal/streams/readable:1698:12)","timestamp":"2026-04-01 01:07:33"}
{"error":"Unexpected token '\"', \"\"POST http\"... is not valid JSON","level":"error","message":"Unhandled error","service":"bugscope-backend","stack":"SyntaxError: Unexpected token '\"', \"\"POST http\"... is not valid JSON\n    at JSON.parse (<anonymous>)\n    at createStrictSyntaxError (C:\\Users\\Bharat\\OneDrive\\Desktop\\web-dev\\bugscope-backend\\node_modules\\body-parser\\lib\\types\\json.js:109:10)\n    at parse (C:\\Users\\Bharat\\OneDrive\\Desktop\\web-dev\\bugscope-backend\\node_modules\\body-parser\\lib\\types\\json.js:66:15)\n    at C:\\Users\\Bharat\\OneDrive\\Desktop\\web-dev\\bugscope-backend\\node_modules\\body-parser\\lib\\read.js:162:18\n    at AsyncResource.runInAsyncScope (node:async_hooks:211:14)\n    at invokeCallback (C:\\Users\\Bharat\\OneDrive\\Desktop\\web-dev\\bugscope-backend\\node_modules\\raw-body\\index.js:238:16)\n    at done (C:\\Users\\Bharat\\OneDrive\\Desktop\\web-dev\\bugscope-backend\\node_modules\\raw-body\\index.js:227:7)\n    at IncomingMessage.onEnd (C:\\Users\\Bharat\\OneDrive\\Desktop\\web-dev\\bugscope-backend\\node_modules\\raw-body\\index.js:287:7)\n    at IncomingMessage.emit (node:events:518:28)\n    at endReadableNT (node:internal/streams/readable:1698:12)","timestamp":"2026-04-01 01:08:44"}
{"error":"Unexpected token '\"', \"\"POST http\"... is not valid JSON","level":"error","message":"Unhandled error","service":"bugscope-backend","stack":"SyntaxError: Unexpected token '\"', \"\"POST http\"... is not valid JSON\n    at JSON.parse (<anonymous>)\n    at createStrictSyntaxError (C:\\Users\\Bharat\\OneDrive\\Desktop\\web-dev\\bugscope-backend\\node_modules\\body-parser\\lib\\types\\json.js:109:10)\n    at parse (C:\\Users\\Bharat\\OneDrive\\Desktop\\web-dev\\bugscope-backend\\node_modules\\body-parser\\lib\\types\\json.js:66:15)\n    at C:\\Users\\Bharat\\OneDrive\\Desktop\\web-dev\\bugscope-backend\\node_modules\\body-parser\\lib\\read.js:162:18\n    at AsyncResource.runInAsyncScope (node:async_hooks:211:14)\n    at invokeCallback (C:\\Users\\Bharat\\OneDrive\\Desktop\\web-dev\\bugscope-backend\\node_modules\\raw-body\\index.js:238:16)\n    at done (C:\\Users\\Bharat\\OneDrive\\Desktop\\web-dev\\bugscope-backend\\node_modules\\raw-body\\index.js:227:7)\n    at IncomingMessage.onEnd (C:\\Users\\Bharat\\OneDrive\\Desktop\\web-dev\\bugscope-backend\\node_modules\\raw-body\\index.js:287:7)\n    at IncomingMessage.emit (node:events:518:28)\n    at endReadableNT (node:internal/streams/readable:1698:12)","timestamp":"2026-04-01 01:08:57"}
{"error":"Unexpected token '\"', \"\"POST http\"... is not valid JSON","level":"error","message":"Unhandled error","service":"bugscope-backend","stack":"SyntaxError: Unexpected token '\"', \"\"POST http\"... is not valid JSON\n    at JSON.parse (<anonymous>)\n    at createStrictSyntaxError (C:\\Users\\Bharat\\OneDrive\\Desktop\\web-dev\\bugscope-backend\\node_modules\\body-parser\\lib\\types\\json.js:109:10)\n    at parse (C:\\Users\\Bharat\\OneDrive\\Desktop\\web-dev\\bugscope-backend\\node_modules\\body-parser\\lib\\types\\json.js:66:15)\n    at C:\\Users\\Bharat\\OneDrive\\Desktop\\web-dev\\bugscope-backend\\node_modules\\body-parser\\lib\\read.js:162:18\n    at AsyncResource.runInAsyncScope (node:async_hooks:211:14)\n    at invokeCallback (C:\\Users\\Bharat\\OneDrive\\Desktop\\web-dev\\bugscope-backend\\node_modules\\raw-body\\index.js:238:16)\n    at done (C:\\Users\\Bharat\\OneDrive\\Desktop\\web-dev\\bugscope-backend\\node_modules\\raw-body\\index.js:227:7)\n    at IncomingMessage.onEnd (C:\\Users\\Bharat\\OneDrive\\Desktop\\web-dev\\bugscope-backend\\node_modules\\raw-body\\index.js:287:7)\n    at IncomingMessage.emit (node:events:518:28)\n    at endReadableNT (node:internal/streams/readable:1698:12)","timestamp":"2026-04-01 01:10:37"}
{"error":"Unexpected token '\"', \"\"POST http\"... is not valid JSON","level":"error","message":"Unhandled error","service":"bugscope-backend","stack":"SyntaxError: Unexpected token '\"', \"\"POST http\"... is not valid JSON\n    at JSON.parse (<anonymous>)\n    at createStrictSyntaxError (C:\\Users\\Bharat\\OneDrive\\Desktop\\web-dev\\bugscope-backend\\node_modules\\body-parser\\lib\\types\\json.js:109:10)\n    at parse (C:\\Users\\Bharat\\OneDrive\\Desktop\\web-dev\\bugscope-backend\\node_modules\\body-parser\\lib\\types\\json.js:66:15)\n    at C:\\Users\\Bharat\\OneDrive\\Desktop\\web-dev\\bugscope-backend\\node_modules\\body-parser\\lib\\read.js:162:18\n    at AsyncResource.runInAsyncScope (node:async_hooks:211:14)\n    at invokeCallback (C:\\Users\\Bharat\\OneDrive\\Desktop\\web-dev\\bugscope-backend\\node_modules\\raw-body\\index.js:238:16)\n    at done (C:\\Users\\Bharat\\OneDrive\\Desktop\\web-dev\\bugscope-backend\\node_modules\\raw-body\\index.js:227:7)\n    at IncomingMessage.onEnd (C:\\Users\\Bharat\\OneDrive\\Desktop\\web-dev\\bugscope-backend\\node_modules\\raw-body\\index.js:287:7)\n    at IncomingMessage.emit (node:events:518:28)\n    at endReadableNT (node:internal/streams/readable:1698:12)","timestamp":"2026-04-01 01:10:48"}
